This file contains any messages produced by compilers while
running configure, to aid debugging if configure makes a mistake.

It was created by The Mana World configure 0.0.29.1, which was
generated by GNU Autoconf 2.63.  Invocation command line was

  $ ./configure --with-opengl LIBS=-L/usr/X11/lib -L/usr/local/lib CPPFLAGS=-I/usr/include/libxml2 -I/usr/X11/include -arch x86_64 LDFLAGS=-framework OpenGL

## --------- ##
## Platform. ##
## --------- ##

hostname = vlapan-macbook.local
uname -m = i386
uname -r = 10.3.0
uname -s = Darwin
uname -v = Darwin Kernel Version 10.3.0: Fri Feb 26 11:58:09 PST 2010; root:xnu-1504.3.12~1/RELEASE_I386

/usr/bin/uname -p = i386
/bin/uname -X     = unknown

/bin/arch              = unknown
/usr/bin/arch -k       = unknown
/usr/convex/getsysinfo = unknown
/usr/bin/hostinfo      = Mach kernel version:
	 Darwin Kernel Version 10.3.0: Fri Feb 26 11:58:09 PST 2010; root:xnu-1504.3.12~1/RELEASE_I386
Kernel configured for up to 2 processors.
2 processors are physically available.
2 processors are logically available.
Processor type: i486 (Intel 80486)
Processors active: 0 1
Primary memory available: 4.00 gigabytes
Default processor set: 88 tasks, 368 threads, 2 processors
Load average: 0.92, Mach factor: 1.07
/bin/machine           = unknown
/usr/bin/oslevel       = unknown
/bin/universe          = unknown

PATH: /opt/local/bin
PATH: /opt/local/sbin
PATH: /usr/bin
PATH: /bin
PATH: /usr/sbin
PATH: /sbin
PATH: /usr/local/bin
PATH: /usr/X11/bin


## ----------- ##
## Core tests. ##
## ----------- ##

configure:1938: checking for a BSD-compatible install
configure:2006: result: /usr/bin/install -c
configure:2017: checking whether build environment is sane
configure:2077: result: yes
configure:2218: checking for a thread-safe mkdir -p
configure:2257: result: ./install-sh -c -d
configure:2270: checking for gawk
configure:2300: result: no
configure:2270: checking for mawk
configure:2300: result: no
configure:2270: checking for nawk
configure:2300: result: no
configure:2270: checking for awk
configure:2286: found /usr/bin/awk
configure:2297: result: awk
configure:2308: checking whether make sets $(MAKE)
configure:2330: result: yes
configure:2480: checking for g++
configure:2496: found /usr/bin/g++
configure:2507: result: g++
configure:2534: checking for C++ compiler version
configure:2542: g++ --version >&5
i686-apple-darwin10-g++-4.2.1 (GCC) 4.2.1 (Apple Inc. build 5646) (dot 1)
Copyright (C) 2007 Free Software Foundation, Inc.
This is free software; see the source for copying conditions.  There is NO
warranty; not even for MERCHANTABILITY or FITNESS FOR A PARTICULAR PURPOSE.

configure:2546: $? = 0
configure:2553: g++ -v >&5
Using built-in specs.
Target: i686-apple-darwin10
Configured with: /var/tmp/gcc/gcc-5646.1~2/src/configure --disable-checking --enable-werror --prefix=/usr --mandir=/share/man --enable-languages=c,objc,c++,obj-c++ --program-transform-name=/^[cg][^.-]*$/s/$/-4.2/ --with-slibdir=/usr/lib --build=i686-apple-darwin10 --with-gxx-include-dir=/include/c++/4.2.1 --program-prefix=i686-apple-darwin10- --host=x86_64-apple-darwin10 --target=i686-apple-darwin10
Thread model: posix
gcc version 4.2.1 (Apple Inc. build 5646) (dot 1)
configure:2557: $? = 0
configure:2564: g++ -V >&5
g++-4.2: argument to `-V' is missing
configure:2568: $? = 1
configure:2591: checking for C++ compiler default output file name
configure:2613: g++  -I/usr/include/libxml2 -I/usr/X11/include -arch x86_64 -framework OpenGL conftest.cpp -L/usr/X11/lib -L/usr/local/lib >&5
configure:2617: $? = 0
configure:2655: result: a.out
configure:2674: checking whether the C++ compiler works
configure:2684: ./a.out
configure:2688: $? = 0
configure:2707: result: yes
configure:2714: checking whether we are cross compiling
configure:2716: result: no
configure:2719: checking for suffix of executables
configure:2726: g++ -o conftest  -I/usr/include/libxml2 -I/usr/X11/include -arch x86_64 -framework OpenGL conftest.cpp -L/usr/X11/lib -L/usr/local/lib >&5
configure:2730: $? = 0
configure:2756: result: 
configure:2762: checking for suffix of object files
configure:2788: g++ -c  -I/usr/include/libxml2 -I/usr/X11/include -arch x86_64 conftest.cpp >&5
configure:2792: $? = 0
configure:2817: result: o
configure:2821: checking whether we are using the GNU C++ compiler
configure:2850: g++ -c  -I/usr/include/libxml2 -I/usr/X11/include -arch x86_64 conftest.cpp >&5
configure:2857: $? = 0
configure:2874: result: yes
configure:2883: checking whether g++ accepts -g
configure:2913: g++ -c -g3 -I/usr/include/libxml2 -I/usr/X11/include -arch x86_64 conftest.cpp >&5
configure:2920: $? = 0
configure:3021: result: yes
configure:3055: checking for style of include used by make
configure:3083: result: GNU
configure:3108: checking dependency style of g++
configure:3218: result: gcc3
configure:3247: checking for a BSD-compatible install
configure:3315: result: /usr/bin/install -c
configure:3329: checking whether time.h and sys/time.h may both be included
configure:3359: g++ -c -g3 -Os -I/usr/include/libxml2 -I/usr/X11/include -arch x86_64 conftest.cpp >&5
configure:3366: $? = 0
configure:3381: result: yes
configure:3393: checking for error_at_line
configure:3419: g++ -o conftest -g3 -Os -I/usr/include/libxml2 -I/usr/X11/include -arch x86_64 -framework OpenGL conftest.cpp -L/usr/X11/lib -L/usr/local/lib >&5
conftest.cpp:11:19: error: error.h: No such file or directory
conftest.cpp: In function 'int main()':
conftest.cpp:15: error: 'error_at_line' was not declared in this scope
configure:3426: $? = 1
configure: failed program was:
| /* confdefs.h.  */
| #define PACKAGE_NAME "The Mana World"
| #define PACKAGE_TARNAME "tmw"
| #define PACKAGE_VERSION "0.0.29.1"
| #define PACKAGE_STRING "The Mana World 0.0.29.1"
| #define PACKAGE_BUGREPORT "themanaworld-devel@lists.sourceforge.net"
| #define PACKAGE "tmw"
| #define VERSION "0.0.29.1"
| #define TIME_WITH_SYS_TIME 1
| /* end confdefs.h.  */
| #include <error.h>
| int
| main ()
| {
| error_at_line (0, 0, "", 0, "an error occurred");
|   ;
|   return 0;
| }
configure:3446: result: no
configure:3462: checking how to run the C++ preprocessor
configure:3498: g++ -E -I/usr/include/libxml2 -I/usr/X11/include -arch x86_64 conftest.cpp
configure:3505: $? = 0
configure:3536: g++ -E -I/usr/include/libxml2 -I/usr/X11/include -arch x86_64 conftest.cpp
conftest.cpp:11:28: error: ac_nonexistent.h: No such file or directory
configure:3543: $? = 1
configure: failed program was:
| /* confdefs.h.  */
| #define PACKAGE_NAME "The Mana World"
| #define PACKAGE_TARNAME "tmw"
| #define PACKAGE_VERSION "0.0.29.1"
| #define PACKAGE_STRING "The Mana World 0.0.29.1"
| #define PACKAGE_BUGREPORT "themanaworld-devel@lists.sourceforge.net"
| #define PACKAGE "tmw"
| #define VERSION "0.0.29.1"
| #define TIME_WITH_SYS_TIME 1
| /* end confdefs.h.  */
| #include <ac_nonexistent.h>
configure:3576: result: g++ -E
configure:3605: g++ -E -I/usr/include/libxml2 -I/usr/X11/include -arch x86_64 conftest.cpp
configure:3612: $? = 0
configure:3643: g++ -E -I/usr/include/libxml2 -I/usr/X11/include -arch x86_64 conftest.cpp
conftest.cpp:11:28: error: ac_nonexistent.h: No such file or directory
configure:3650: $? = 1
configure: failed program was:
| /* confdefs.h.  */
| #define PACKAGE_NAME "The Mana World"
| #define PACKAGE_TARNAME "tmw"
| #define PACKAGE_VERSION "0.0.29.1"
| #define PACKAGE_STRING "The Mana World 0.0.29.1"
| #define PACKAGE_BUGREPORT "themanaworld-devel@lists.sourceforge.net"
| #define PACKAGE "tmw"
| #define VERSION "0.0.29.1"
| #define TIME_WITH_SYS_TIME 1
| /* end confdefs.h.  */
| #include <ac_nonexistent.h>
configure:3690: checking for grep that handles long lines and -e
configure:3750: result: /usr/bin/grep
configure:3755: checking for egrep
configure:3819: result: /usr/bin/grep -E
configure:3824: checking for ANSI C header files
configure:3854: g++ -c -g3 -Os -I/usr/include/libxml2 -I/usr/X11/include -arch x86_64 conftest.cpp >&5
configure:3861: $? = 0
configure:3960: g++ -o conftest -g3 -Os -I/usr/include/libxml2 -I/usr/X11/include -arch x86_64 -framework OpenGL conftest.cpp -L/usr/X11/lib -L/usr/local/lib >&5
configure:3964: $? = 0
configure:3970: ./conftest
configure:3974: $? = 0
configure:3992: result: yes
configure:4016: checking for sys/types.h
configure:4037: g++ -c -g3 -Os -I/usr/include/libxml2 -I/usr/X11/include -arch x86_64 conftest.cpp >&5
configure:4044: $? = 0
configure:4061: result: yes
configure:4016: checking for sys/stat.h
configure:4037: g++ -c -g3 -Os -I/usr/include/libxml2 -I/usr/X11/include -arch x86_64 conftest.cpp >&5
configure:4044: $? = 0
configure:4061: result: yes
configure:4016: checking for stdlib.h
configure:4037: g++ -c -g3 -Os -I/usr/include/libxml2 -I/usr/X11/include -arch x86_64 conftest.cpp >&5
configure:4044: $? = 0
configure:4061: result: yes
configure:4016: checking for string.h
configure:4037: g++ -c -g3 -Os -I/usr/include/libxml2 -I/usr/X11/include -arch x86_64 conftest.cpp >&5
configure:4044: $? = 0
configure:4061: result: yes
configure:4016: checking for memory.h
configure:4037: g++ -c -g3 -Os -I/usr/include/libxml2 -I/usr/X11/include -arch x86_64 conftest.cpp >&5
configure:4044: $? = 0
configure:4061: result: yes
configure:4016: checking for strings.h
configure:4037: g++ -c -g3 -Os -I/usr/include/libxml2 -I/usr/X11/include -arch x86_64 conftest.cpp >&5
configure:4044: $? = 0
configure:4061: result: yes
configure:4016: checking for inttypes.h
configure:4037: g++ -c -g3 -Os -I/usr/include/libxml2 -I/usr/X11/include -arch x86_64 conftest.cpp >&5
configure:4044: $? = 0
configure:4061: result: yes
configure:4016: checking for stdint.h
configure:4037: g++ -c -g3 -Os -I/usr/include/libxml2 -I/usr/X11/include -arch x86_64 conftest.cpp >&5
configure:4044: $? = 0
configure:4061: result: yes
configure:4016: checking for unistd.h
configure:4037: g++ -c -g3 -Os -I/usr/include/libxml2 -I/usr/X11/include -arch x86_64 conftest.cpp >&5
configure:4044: $? = 0
configure:4061: result: yes
configure:4080: checking for stdlib.h
configure:4087: result: yes
configure:4226: checking for GNU libc compatible malloc
configure:4260: g++ -o conftest -g3 -Os -I/usr/include/libxml2 -I/usr/X11/include -arch x86_64 -framework OpenGL conftest.cpp -L/usr/X11/lib -L/usr/local/lib >&5
configure:4264: $? = 0
configure:4270: ./conftest
configure:4274: $? = 0
configure:4291: result: yes
configure:4324: checking for stdlib.h
configure:4331: result: yes
configure:4470: checking for GNU libc compatible realloc
configure:4504: g++ -o conftest -g3 -Os -I/usr/include/libxml2 -I/usr/X11/include -arch x86_64 -framework OpenGL conftest.cpp -L/usr/X11/lib -L/usr/local/lib >&5
configure:4508: $? = 0
configure:4514: ./conftest
configure:4518: $? = 0
configure:4535: result: yes
configure:4580: checking sys/select.h usability
configure:4597: g++ -c -g3 -Os -I/usr/include/libxml2 -I/usr/X11/include -arch x86_64 conftest.cpp >&5
configure:4604: $? = 0
configure:4618: result: yes
configure:4622: checking sys/select.h presence
configure:4637: g++ -E -I/usr/include/libxml2 -I/usr/X11/include -arch x86_64 conftest.cpp
configure:4644: $? = 0
configure:4658: result: yes
configure:4691: checking for sys/select.h
configure:4700: result: yes
configure:4580: checking sys/socket.h usability
configure:4597: g++ -c -g3 -Os -I/usr/include/libxml2 -I/usr/X11/include -arch x86_64 conftest.cpp >&5
configure:4604: $? = 0
configure:4618: result: yes
configure:4622: checking sys/socket.h presence
configure:4637: g++ -E -I/usr/include/libxml2 -I/usr/X11/include -arch x86_64 conftest.cpp
configure:4644: $? = 0
configure:4658: result: yes
configure:4691: checking for sys/socket.h
configure:4700: result: yes
configure:4715: checking types of arguments for select
configure:4753: g++ -c -g3 -Os -I/usr/include/libxml2 -I/usr/X11/include -arch x86_64 conftest.cpp >&5
configure:4760: $? = 0
configure:4781: result: int,fd_set *,struct timeval *
configure:4808: checking for vprintf
configure:4864: g++ -o conftest -g3 -Os -I/usr/include/libxml2 -I/usr/X11/include -arch x86_64 -framework OpenGL conftest.cpp -L/usr/X11/lib -L/usr/local/lib >&5
configure:4871: $? = 0
configure:4893: result: yes
configure:4902: checking for _doprnt
configure:4958: g++ -o conftest -g3 -Os -I/usr/include/libxml2 -I/usr/X11/include -arch x86_64 -framework OpenGL conftest.cpp -L/usr/X11/lib -L/usr/local/lib >&5
Undefined symbols:
  "__doprnt", referenced from:
      _main in cc3Re2vM.o
ld: symbol(s) not found
collect2: ld returned 1 exit status
configure:4965: $? = 1
configure: failed program was:
| /* confdefs.h.  */
| #define PACKAGE_NAME "The Mana World"
| #define PACKAGE_TARNAME "tmw"
| #define PACKAGE_VERSION "0.0.29.1"
| #define PACKAGE_STRING "The Mana World 0.0.29.1"
| #define PACKAGE_BUGREPORT "themanaworld-devel@lists.sourceforge.net"
| #define PACKAGE "tmw"
| #define VERSION "0.0.29.1"
| #define TIME_WITH_SYS_TIME 1
| #define STDC_HEADERS 1
| #define HAVE_SYS_TYPES_H 1
| #define HAVE_SYS_STAT_H 1
| #define HAVE_STDLIB_H 1
| #define HAVE_STRING_H 1
| #define HAVE_MEMORY_H 1
| #define HAVE_STRINGS_H 1
| #define HAVE_INTTYPES_H 1
| #define HAVE_STDINT_H 1
| #define HAVE_UNISTD_H 1
| #define HAVE_STDLIB_H 1
| #define HAVE_MALLOC 1
| #define HAVE_STDLIB_H 1
| #define HAVE_REALLOC 1
| #define HAVE_SYS_SELECT_H 1
| #define HAVE_SYS_SOCKET_H 1
| #define SELECT_TYPE_ARG1 int
| #define SELECT_TYPE_ARG234 (fd_set *)
| #define SELECT_TYPE_ARG5 (struct timeval *)
| #define HAVE_VPRINTF 1
| /* end confdefs.h.  */
| /* Define _doprnt to an innocuous variant, in case <limits.h> declares _doprnt.
|    For example, HP-UX 11i <limits.h> declares gettimeofday.  */
| #define _doprnt innocuous__doprnt
| 
| /* System header to define __stub macros and hopefully few prototypes,
|     which can conflict with char _doprnt (); below.
|     Prefer <limits.h> to <assert.h> if __STDC__ is defined, since
|     <limits.h> exists even on freestanding compilers.  */
| 
| #ifdef __STDC__
| # include <limits.h>
| #else
| # include <assert.h>
| #endif
| 
| #undef _doprnt
| 
| /* Override any GCC internal prototype to avoid an error.
|    Use char because int might match the return type of a GCC
|    builtin and then its argument prototype would still apply.  */
| #ifdef __cplusplus
| extern "C"
| #endif
| char _doprnt ();
| /* The GNU C library defines this for functions which it implements
|     to always fail with ENOSYS.  Some functions are actually named
|     something starting with __ and the normal name is an alias.  */
| #if defined __stub__doprnt || defined __stub____doprnt
| choke me
| #endif
| 
| int
| main ()
| {
| return _doprnt ();
|   ;
|   return 0;
| }
configure:4985: result: no
configure:5010: checking for atexit
configure:5066: g++ -o conftest -g3 -Os -I/usr/include/libxml2 -I/usr/X11/include -arch x86_64 -framework OpenGL conftest.cpp -L/usr/X11/lib -L/usr/local/lib >&5
configure:5073: $? = 0
configure:5095: result: yes
configure:5010: checking for floor
configure:5066: g++ -o conftest -g3 -Os -I/usr/include/libxml2 -I/usr/X11/include -arch x86_64 -framework OpenGL conftest.cpp -L/usr/X11/lib -L/usr/local/lib >&5
configure:5073: $? = 0
configure:5095: result: yes
configure:5010: checking for getcwd
configure:5066: g++ -o conftest -g3 -Os -I/usr/include/libxml2 -I/usr/X11/include -arch x86_64 -framework OpenGL conftest.cpp -L/usr/X11/lib -L/usr/local/lib >&5
configure:5073: $? = 0
configure:5095: result: yes
configure:5010: checking for gethostbyname
configure:5066: g++ -o conftest -g3 -Os -I/usr/include/libxml2 -I/usr/X11/include -arch x86_64 -framework OpenGL conftest.cpp -L/usr/X11/lib -L/usr/local/lib >&5
configure:5073: $? = 0
configure:5095: result: yes
configure:5010: checking for memset
configure:5066: g++ -o conftest -g3 -Os -I/usr/include/libxml2 -I/usr/X11/include -arch x86_64 -framework OpenGL conftest.cpp -L/usr/X11/lib -L/usr/local/lib >&5
configure:5073: $? = 0
configure:5095: result: yes
configure:5010: checking for mkdir
configure:5066: g++ -o conftest -g3 -Os -I/usr/include/libxml2 -I/usr/X11/include -arch x86_64 -framework OpenGL conftest.cpp -L/usr/X11/lib -L/usr/local/lib >&5
configure:5073: $? = 0
configure:5095: result: yes
configure:5010: checking for select
configure:5066: g++ -o conftest -g3 -Os -I/usr/include/libxml2 -I/usr/X11/include -arch x86_64 -framework OpenGL conftest.cpp -L/usr/X11/lib -L/usr/local/lib >&5
configure:5073: $? = 0
configure:5095: result: yes
configure:5010: checking for socket
configure:5066: g++ -o conftest -g3 -Os -I/usr/include/libxml2 -I/usr/X11/include -arch x86_64 -framework OpenGL conftest.cpp -L/usr/X11/lib -L/usr/local/lib >&5
configure:5073: $? = 0
configure:5095: result: yes
configure:5110: checking whether NLS is requested
configure:5119: result: yes
configure:5157: checking for msgfmt
configure:5192: result: no
configure:5198: checking for gmsgfmt
configure:5229: result: :
configure:5280: checking for xgettext
configure:5315: result: no
configure:5358: checking for msgmerge
configure:5392: result: no
configure:5467: checking for gcc
configure:5483: found /usr/bin/gcc
configure:5494: result: gcc
configure:5726: checking for C compiler version
configure:5734: gcc --version >&5
i686-apple-darwin10-gcc-4.2.1 (GCC) 4.2.1 (Apple Inc. build 5646) (dot 1)
Copyright (C) 2007 Free Software Foundation, Inc.
This is free software; see the source for copying conditions.  There is NO
warranty; not even for MERCHANTABILITY or FITNESS FOR A PARTICULAR PURPOSE.

configure:5738: $? = 0
configure:5745: gcc -v >&5
Using built-in specs.
Target: i686-apple-darwin10
Configured with: /var/tmp/gcc/gcc-5646.1~2/src/configure --disable-checking --enable-werror --prefix=/usr --mandir=/share/man --enable-languages=c,objc,c++,obj-c++ --program-transform-name=/^[cg][^.-]*$/s/$/-4.2/ --with-slibdir=/usr/lib --build=i686-apple-darwin10 --with-gxx-include-dir=/include/c++/4.2.1 --program-prefix=i686-apple-darwin10- --host=x86_64-apple-darwin10 --target=i686-apple-darwin10
Thread model: posix
gcc version 4.2.1 (Apple Inc. build 5646) (dot 1)
configure:5749: $? = 0
configure:5756: gcc -V >&5
gcc-4.2: argument to `-V' is missing
configure:5760: $? = 1
configure:5763: checking whether we are using the GNU C compiler
configure:5792: gcc -c  -I/usr/include/libxml2 -I/usr/X11/include -arch x86_64 conftest.c >&5
configure:5799: $? = 0
configure:5816: result: yes
configure:5825: checking whether gcc accepts -g
configure:5855: gcc -c -g3 -I/usr/include/libxml2 -I/usr/X11/include -arch x86_64 conftest.c >&5
configure:5862: $? = 0
configure:5963: result: yes
configure:5980: checking for gcc option to accept ISO C89
configure:6054: gcc  -c -g3 -Os -I/usr/include/libxml2 -I/usr/X11/include -arch x86_64 conftest.c >&5
configure:6061: $? = 0
configure:6084: result: none needed
configure:6104: checking dependency style of gcc
configure:6214: result: gcc3
configure:6235: checking build system type
configure:6253: result: i386-apple-darwin10.3.0
configure:6275: checking host system type
configure:6290: result: i386-apple-darwin10.3.0
configure:6336: checking for ld used by GCC
configure:6400: result: /usr/libexec/gcc/i686-apple-darwin10/4.2.1/ld
configure:6409: checking if the linker (/usr/libexec/gcc/i686-apple-darwin10/4.2.1/ld) is GNU ld
configure:6422: result: no
configure:6429: checking for shared library run path origin
configure:6442: result: done
configure:6899: checking for CFPreferencesCopyAppValue
configure:6927: g++ -o conftest -g3 -Os -I/usr/include/libxml2 -I/usr/X11/include -arch x86_64 -framework OpenGL conftest.cpp -L/usr/X11/lib -L/usr/local/lib -Wl,-framework -Wl,CoreFoundation >&5
configure:6934: $? = 0
configure:6955: result: yes
configure:6964: checking for CFLocaleCopyCurrent
configure:6992: g++ -o conftest -g3 -Os -I/usr/include/libxml2 -I/usr/X11/include -arch x86_64 -framework OpenGL conftest.cpp -L/usr/X11/lib -L/usr/local/lib -Wl,-framework -Wl,CoreFoundation >&5
configure:6999: $? = 0
configure:7020: result: yes
configure:7071: checking for GNU gettext in libc
configure:7101: g++ -o conftest -g3 -Os -I/usr/include/libxml2 -I/usr/X11/include -arch x86_64 -framework OpenGL conftest.cpp -L/usr/X11/lib -L/usr/local/lib >&5
conftest.cpp:41:21: error: libintl.h: No such file or directory
conftest.cpp: In function 'int main()':
conftest.cpp:48: error: 'bindtextdomain' was not declared in this scope
conftest.cpp:49: error: 'gettext' was not declared in this scope
configure:7108: $? = 1
configure: failed program was:
| /* confdefs.h.  */
| #define PACKAGE_NAME "The Mana World"
| #define PACKAGE_TARNAME "tmw"
| #define PACKAGE_VERSION "0.0.29.1"
| #define PACKAGE_STRING "The Mana World 0.0.29.1"
| #define PACKAGE_BUGREPORT "themanaworld-devel@lists.sourceforge.net"
| #define PACKAGE "tmw"
| #define VERSION "0.0.29.1"
| #define TIME_WITH_SYS_TIME 1
| #define STDC_HEADERS 1
| #define HAVE_SYS_TYPES_H 1
| #define HAVE_SYS_STAT_H 1
| #define HAVE_STDLIB_H 1
| #define HAVE_STRING_H 1
| #define HAVE_MEMORY_H 1
| #define HAVE_STRINGS_H 1
| #define HAVE_INTTYPES_H 1
| #define HAVE_STDINT_H 1
| #define HAVE_UNISTD_H 1
| #define HAVE_STDLIB_H 1
| #define HAVE_MALLOC 1
| #define HAVE_STDLIB_H 1
| #define HAVE_REALLOC 1
| #define HAVE_SYS_SELECT_H 1
| #define HAVE_SYS_SOCKET_H 1
| #define SELECT_TYPE_ARG1 int
| #define SELECT_TYPE_ARG234 (fd_set *)
| #define SELECT_TYPE_ARG5 (struct timeval *)
| #define HAVE_VPRINTF 1
| #define HAVE_ATEXIT 1
| #define HAVE_FLOOR 1
| #define HAVE_GETCWD 1
| #define HAVE_GETHOSTBYNAME 1
| #define HAVE_MEMSET 1
| #define HAVE_MKDIR 1
| #define HAVE_SELECT 1
| #define HAVE_SOCKET 1
| #define HAVE_CFPREFERENCESCOPYAPPVALUE 1
| #define HAVE_CFLOCALECOPYCURRENT 1
| /* end confdefs.h.  */
| #include <libintl.h>
| 
| extern int _nl_msg_cat_cntr;
| extern int *_nl_domain_bindings;
| int
| main ()
| {
| bindtextdomain ("", "");
| return * gettext ("") + _nl_msg_cat_cntr + *_nl_domain_bindings
|   ;
|   return 0;
| }
configure:7130: result: no
configure:7164: checking for iconv
configure:7196: g++ -o conftest -g3 -Os -I/usr/include/libxml2 -I/usr/X11/include -arch x86_64 -framework OpenGL conftest.cpp -L/usr/X11/lib -L/usr/local/lib >&5
Undefined symbols:
  "_iconv_close", referenced from:
      _main in ccNAImU8.o
  "_iconv", referenced from:
      _main in ccNAImU8.o
  "_iconv_open", referenced from:
      _main in ccNAImU8.o
ld: symbol(s) not found
collect2: ld returned 1 exit status
configure:7203: $? = 1
configure: failed program was:
| /* confdefs.h.  */
| #define PACKAGE_NAME "The Mana World"
| #define PACKAGE_TARNAME "tmw"
| #define PACKAGE_VERSION "0.0.29.1"
| #define PACKAGE_STRING "The Mana World 0.0.29.1"
| #define PACKAGE_BUGREPORT "themanaworld-devel@lists.sourceforge.net"
| #define PACKAGE "tmw"
| #define VERSION "0.0.29.1"
| #define TIME_WITH_SYS_TIME 1
| #define STDC_HEADERS 1
| #define HAVE_SYS_TYPES_H 1
| #define HAVE_SYS_STAT_H 1
| #define HAVE_STDLIB_H 1
| #define HAVE_STRING_H 1
| #define HAVE_MEMORY_H 1
| #define HAVE_STRINGS_H 1
| #define HAVE_INTTYPES_H 1
| #define HAVE_STDINT_H 1
| #define HAVE_UNISTD_H 1
| #define HAVE_STDLIB_H 1
| #define HAVE_MALLOC 1
| #define HAVE_STDLIB_H 1
| #define HAVE_REALLOC 1
| #define HAVE_SYS_SELECT_H 1
| #define HAVE_SYS_SOCKET_H 1
| #define SELECT_TYPE_ARG1 int
| #define SELECT_TYPE_ARG234 (fd_set *)
| #define SELECT_TYPE_ARG5 (struct timeval *)
| #define HAVE_VPRINTF 1
| #define HAVE_ATEXIT 1
| #define HAVE_FLOOR 1
| #define HAVE_GETCWD 1
| #define HAVE_GETHOSTBYNAME 1
| #define HAVE_MEMSET 1
| #define HAVE_MKDIR 1
| #define HAVE_SELECT 1
| #define HAVE_SOCKET 1
| #define HAVE_CFPREFERENCESCOPYAPPVALUE 1
| #define HAVE_CFLOCALECOPYCURRENT 1
| /* end confdefs.h.  */
| #include <stdlib.h>
| #include <iconv.h>
| int
| main ()
| {
| iconv_t cd = iconv_open("","");
|        iconv(cd,NULL,NULL,NULL,NULL);
|        iconv_close(cd);
|   ;
|   return 0;
| }
configure:7249: g++ -o conftest -g3 -Os -I/usr/include/libxml2 -I/usr/X11/include -arch x86_64 -framework OpenGL conftest.cpp -L/usr/X11/lib -L/usr/local/lib -liconv >&5
configure:7256: $? = 0
configure:7280: result: yes
configure:7290: checking how to link with libiconv
configure:7292: result: -liconv
configure:7696: checking for GNU gettext in libintl
configure:7734: g++ -o conftest -g3 -Os -I/usr/include/libxml2 -I/usr/X11/include -arch x86_64  -framework OpenGL conftest.cpp -L/usr/X11/lib -L/usr/local/lib -lintl >&5
conftest.cpp:42:21: error: libintl.h: No such file or directory
conftest.cpp: In function 'int main()':
conftest.cpp:53: error: 'bindtextdomain' was not declared in this scope
conftest.cpp:54: error: 'gettext' was not declared in this scope
configure:7741: $? = 1
configure: failed program was:
| /* confdefs.h.  */
| #define PACKAGE_NAME "The Mana World"
| #define PACKAGE_TARNAME "tmw"
| #define PACKAGE_VERSION "0.0.29.1"
| #define PACKAGE_STRING "The Mana World 0.0.29.1"
| #define PACKAGE_BUGREPORT "themanaworld-devel@lists.sourceforge.net"
| #define PACKAGE "tmw"
| #define VERSION "0.0.29.1"
| #define TIME_WITH_SYS_TIME 1
| #define STDC_HEADERS 1
| #define HAVE_SYS_TYPES_H 1
| #define HAVE_SYS_STAT_H 1
| #define HAVE_STDLIB_H 1
| #define HAVE_STRING_H 1
| #define HAVE_MEMORY_H 1
| #define HAVE_STRINGS_H 1
| #define HAVE_INTTYPES_H 1
| #define HAVE_STDINT_H 1
| #define HAVE_UNISTD_H 1
| #define HAVE_STDLIB_H 1
| #define HAVE_MALLOC 1
| #define HAVE_STDLIB_H 1
| #define HAVE_REALLOC 1
| #define HAVE_SYS_SELECT_H 1
| #define HAVE_SYS_SOCKET_H 1
| #define SELECT_TYPE_ARG1 int
| #define SELECT_TYPE_ARG234 (fd_set *)
| #define SELECT_TYPE_ARG5 (struct timeval *)
| #define HAVE_VPRINTF 1
| #define HAVE_ATEXIT 1
| #define HAVE_FLOOR 1
| #define HAVE_GETCWD 1
| #define HAVE_GETHOSTBYNAME 1
| #define HAVE_MEMSET 1
| #define HAVE_MKDIR 1
| #define HAVE_SELECT 1
| #define HAVE_SOCKET 1
| #define HAVE_CFPREFERENCESCOPYAPPVALUE 1
| #define HAVE_CFLOCALECOPYCURRENT 1
| #define HAVE_ICONV 1
| /* end confdefs.h.  */
| #include <libintl.h>
| 
| extern int _nl_msg_cat_cntr;
| extern
| #ifdef __cplusplus
| "C"
| #endif
| const char *_nl_expand_alias (const char *);
| int
| main ()
| {
| bindtextdomain ("", "");
| return * gettext ("") + _nl_msg_cat_cntr + *_nl_expand_alias ("")
|   ;
|   return 0;
| }
configure:7791: g++ -o conftest -g3 -Os -I/usr/include/libxml2 -I/usr/X11/include -arch x86_64  -framework OpenGL conftest.cpp -L/usr/X11/lib -L/usr/local/lib -lintl -liconv >&5
conftest.cpp:42:21: error: libintl.h: No such file or directory
conftest.cpp: In function 'int main()':
conftest.cpp:53: error: 'bindtextdomain' was not declared in this scope
conftest.cpp:54: error: 'gettext' was not declared in this scope
configure:7798: $? = 1
configure: failed program was:
| /* confdefs.h.  */
| #define PACKAGE_NAME "The Mana World"
| #define PACKAGE_TARNAME "tmw"
| #define PACKAGE_VERSION "0.0.29.1"
| #define PACKAGE_STRING "The Mana World 0.0.29.1"
| #define PACKAGE_BUGREPORT "themanaworld-devel@lists.sourceforge.net"
| #define PACKAGE "tmw"
| #define VERSION "0.0.29.1"
| #define TIME_WITH_SYS_TIME 1
| #define STDC_HEADERS 1
| #define HAVE_SYS_TYPES_H 1
| #define HAVE_SYS_STAT_H 1
| #define HAVE_STDLIB_H 1
| #define HAVE_STRING_H 1
| #define HAVE_MEMORY_H 1
| #define HAVE_STRINGS_H 1
| #define HAVE_INTTYPES_H 1
| #define HAVE_STDINT_H 1
| #define HAVE_UNISTD_H 1
| #define HAVE_STDLIB_H 1
| #define HAVE_MALLOC 1
| #define HAVE_STDLIB_H 1
| #define HAVE_REALLOC 1
| #define HAVE_SYS_SELECT_H 1
| #define HAVE_SYS_SOCKET_H 1
| #define SELECT_TYPE_ARG1 int
| #define SELECT_TYPE_ARG234 (fd_set *)
| #define SELECT_TYPE_ARG5 (struct timeval *)
| #define HAVE_VPRINTF 1
| #define HAVE_ATEXIT 1
| #define HAVE_FLOOR 1
| #define HAVE_GETCWD 1
| #define HAVE_GETHOSTBYNAME 1
| #define HAVE_MEMSET 1
| #define HAVE_MKDIR 1
| #define HAVE_SELECT 1
| #define HAVE_SOCKET 1
| #define HAVE_CFPREFERENCESCOPYAPPVALUE 1
| #define HAVE_CFLOCALECOPYCURRENT 1
| #define HAVE_ICONV 1
| /* end confdefs.h.  */
| #include <libintl.h>
| 
| extern int _nl_msg_cat_cntr;
| extern
| #ifdef __cplusplus
| "C"
| #endif
| const char *_nl_expand_alias (const char *);
| int
| main ()
| {
| bindtextdomain ("", "");
| return * gettext ("") + _nl_msg_cat_cntr + *_nl_expand_alias ("")
|   ;
|   return 0;
| }
configure:7826: result: no
configure:7863: checking whether to use NLS
configure:7865: result: no
configure:7945: checking for sdl-config
configure:7963: found /usr/local/bin/sdl-config
configure:7975: result: /usr/local/bin/sdl-config
configure:7985: checking for pkg-config
configure:8018: result: no
configure:8025: checking for curl-config
configure:8043: found /usr/bin/curl-config
configure:8055: result: /usr/bin/curl-config
configure:8066: checking for pthread_create in -lpthread
configure:8101: g++ -o conftest -g3 -Os -I/usr/include/libxml2 -I/usr/X11/include -arch x86_64 -framework OpenGL conftest.cpp -lpthread  -L/usr/X11/lib -L/usr/local/lib >&5
configure:8108: $? = 0
configure:8129: result: yes
configure:8146: checking for gcnGuichanVersion in -lguichan
configure:8181: g++ -o conftest -g3 -Os -I/usr/include/libxml2 -I/usr/X11/include -arch x86_64 -framework OpenGL conftest.cpp -lguichan  -lpthread -L/usr/X11/lib -L/usr/local/lib >&5
configure:8188: $? = 0
configure:8209: result: yes
configure:8240: checking guichan.hpp usability
configure:8257: g++ -c -g3 -Os -I/usr/include/libxml2 -I/usr/X11/include -arch x86_64 conftest.cpp >&5
configure:8264: $? = 0
configure:8278: result: yes
configure:8282: checking guichan.hpp presence
configure:8297: g++ -E -I/usr/include/libxml2 -I/usr/X11/include -arch x86_64 conftest.cpp
configure:8304: $? = 0
configure:8318: result: yes
configure:8351: checking for guichan.hpp
configure:8360: result: yes
configure:8385: checking for SDL_Init in -lSDL
configure:8420: g++ -o conftest -g3 -Os -I/usr/include/libxml2 -I/usr/X11/include -arch x86_64 -I/usr/local/include/SDL -D_GNU_SOURCE=1 -D_THREAD_SAFE -framework OpenGL conftest.cpp -lSDL  -lguichan -lpthread -L/usr/X11/lib -L/usr/local/lib -L/usr/local/lib -lSDLmain -lSDL -Wl,-framework,Cocoa >&5
configure:8427: $? = 0
configure:8448: result: yes
configure:8479: checking SDL.h usability
configure:8496: g++ -c -g3 -Os -I/usr/include/libxml2 -I/usr/X11/include -arch x86_64 -I/usr/local/include/SDL -D_GNU_SOURCE=1 -D_THREAD_SAFE conftest.cpp >&5
configure:8503: $? = 0
configure:8517: result: yes
configure:8521: checking SDL.h presence
configure:8536: g++ -E -I/usr/include/libxml2 -I/usr/X11/include -arch x86_64 -I/usr/local/include/SDL -D_GNU_SOURCE=1 -D_THREAD_SAFE conftest.cpp
configure:8543: $? = 0
configure:8557: result: yes
configure:8590: checking for SDL.h
configure:8599: result: yes
configure:8620: checking for inflate in -lz
configure:8655: g++ -o conftest -g3 -Os -I/usr/include/libxml2 -I/usr/X11/include -arch x86_64 -I/usr/local/include/SDL -D_GNU_SOURCE=1 -D_THREAD_SAFE -framework OpenGL conftest.cpp -lz  -lSDL -lguichan -lpthread -L/usr/X11/lib -L/usr/local/lib -L/usr/local/lib -lSDLmain -lSDL -Wl,-framework,Cocoa >&5
configure:8662: $? = 0
configure:8683: result: yes
configure:8700: checking for PHYSFS_init in -lphysfs
configure:8735: g++ -o conftest -g3 -Os -I/usr/include/libxml2 -I/usr/X11/include -arch x86_64 -I/usr/local/include/SDL -D_GNU_SOURCE=1 -D_THREAD_SAFE -framework OpenGL conftest.cpp -lphysfs  -lz -lSDL -lguichan -lpthread -L/usr/X11/lib -L/usr/local/lib -L/usr/local/lib -lSDLmain -lSDL -Wl,-framework,Cocoa >&5
configure:8742: $? = 0
configure:8763: result: yes
configure:8794: checking physfs.h usability
configure:8811: g++ -c -g3 -Os -I/usr/include/libxml2 -I/usr/X11/include -arch x86_64 -I/usr/local/include/SDL -D_GNU_SOURCE=1 -D_THREAD_SAFE conftest.cpp >&5
configure:8818: $? = 0
configure:8832: result: yes
configure:8836: checking physfs.h presence
configure:8851: g++ -E -I/usr/include/libxml2 -I/usr/X11/include -arch x86_64 -I/usr/local/include/SDL -D_GNU_SOURCE=1 -D_THREAD_SAFE conftest.cpp
configure:8858: $? = 0
configure:8872: result: yes
configure:8905: checking for physfs.h
configure:8914: result: yes
configure:8939: checking for curl_global_init in -lcurl
configure:8974: g++ -o conftest -g3 -Os -I/usr/include/libxml2 -I/usr/X11/include -arch x86_64 -I/usr/local/include/SDL -D_GNU_SOURCE=1 -D_THREAD_SAFE  -framework OpenGL conftest.cpp -lcurl  -lphysfs -lz -lSDL -lguichan -lpthread -L/usr/X11/lib -L/usr/local/lib -L/usr/local/lib -lSDLmain -lSDL -Wl,-framework,Cocoa -lcurl >&5
configure:8981: $? = 0
configure:9002: result: yes
configure:9033: checking curl/curl.h usability
configure:9050: g++ -c -g3 -Os -I/usr/include/libxml2 -I/usr/X11/include -arch x86_64 -I/usr/local/include/SDL -D_GNU_SOURCE=1 -D_THREAD_SAFE  conftest.cpp >&5
configure:9057: $? = 0
configure:9071: result: yes
configure:9075: checking curl/curl.h presence
configure:9090: g++ -E -I/usr/include/libxml2 -I/usr/X11/include -arch x86_64 -I/usr/local/include/SDL -D_GNU_SOURCE=1 -D_THREAD_SAFE  conftest.cpp
configure:9097: $? = 0
configure:9111: result: yes
configure:9144: checking for curl/curl.h
configure:9153: result: yes
configure:9178: checking for xmlInitParser in -lxml2
configure:9213: g++ -o conftest -g3 -Os -I/usr/include/libxml2 -I/usr/X11/include -arch x86_64 -I/usr/local/include/SDL -D_GNU_SOURCE=1 -D_THREAD_SAFE  -framework OpenGL conftest.cpp -lxml2  -lcurl -lphysfs -lz -lSDL -lguichan -lpthread -L/usr/X11/lib -L/usr/local/lib -L/usr/local/lib -lSDLmain -lSDL -Wl,-framework,Cocoa -lcurl >&5
configure:9220: $? = 0
configure:9241: result: yes
configure:9272: checking libxml/xmlreader.h usability
configure:9289: g++ -c -g3 -Os -I/usr/include/libxml2 -I/usr/X11/include -arch x86_64 -I/usr/local/include/SDL -D_GNU_SOURCE=1 -D_THREAD_SAFE  conftest.cpp >&5
configure:9296: $? = 0
configure:9310: result: yes
configure:9314: checking libxml/xmlreader.h presence
configure:9329: g++ -E -I/usr/include/libxml2 -I/usr/X11/include -arch x86_64 -I/usr/local/include/SDL -D_GNU_SOURCE=1 -D_THREAD_SAFE  conftest.cpp
configure:9336: $? = 0
configure:9350: result: yes
configure:9383: checking for libxml/xmlreader.h
configure:9392: result: yes
configure:9413: checking for png_write_info in -lpng
configure:9448: g++ -o conftest -g3 -Os -I/usr/include/libxml2 -I/usr/X11/include -arch x86_64 -I/usr/local/include/SDL -D_GNU_SOURCE=1 -D_THREAD_SAFE  -framework OpenGL conftest.cpp -lpng  -lxml2 -lcurl -lphysfs -lz -lSDL -lguichan -lpthread -L/usr/X11/lib -L/usr/local/lib -L/usr/local/lib -lSDLmain -lSDL -Wl,-framework,Cocoa -lcurl >&5
configure:9455: $? = 0
configure:9476: result: yes
configure:9493: checking for IMG_LoadPNG_RW in -lSDL_image
configure:9528: g++ -o conftest -g3 -Os -I/usr/include/libxml2 -I/usr/X11/include -arch x86_64 -I/usr/local/include/SDL -D_GNU_SOURCE=1 -D_THREAD_SAFE  -framework OpenGL conftest.cpp -lSDL_image  -lpng -lxml2 -lcurl -lphysfs -lz -lSDL -lguichan -lpthread -L/usr/X11/lib -L/usr/local/lib -L/usr/local/lib -lSDLmain -lSDL -Wl,-framework,Cocoa -lcurl >&5
configure:9535: $? = 0
configure:9556: result: yes
configure:9575: checking for TTF_Quit in -lSDL_ttf
configure:9610: g++ -o conftest -g3 -Os -I/usr/include/libxml2 -I/usr/X11/include -arch x86_64 -I/usr/local/include/SDL -D_GNU_SOURCE=1 -D_THREAD_SAFE  -framework OpenGL conftest.cpp -lSDL_ttf  -lSDL_image -lpng -lxml2 -lcurl -lphysfs -lz -lSDL -lguichan -lpthread -L/usr/X11/lib -L/usr/local/lib -L/usr/local/lib -lSDLmain -lSDL -Wl,-framework,Cocoa -lcurl >&5
configure:9617: $? = 0
configure:9638: result: yes
configure:9655: checking for Mix_OpenAudio in -lSDL_mixer
configure:9690: g++ -o conftest -g3 -Os -I/usr/include/libxml2 -I/usr/X11/include -arch x86_64 -I/usr/local/include/SDL -D_GNU_SOURCE=1 -D_THREAD_SAFE  -framework OpenGL conftest.cpp -lSDL_mixer  -lSDL_ttf -lSDL_image -lpng -lxml2 -lcurl -lphysfs -lz -lSDL -lguichan -lpthread -L/usr/X11/lib -L/usr/local/lib -L/usr/local/lib -lSDLmain -lSDL -Wl,-framework,Cocoa -lcurl >&5
configure:9697: $? = 0
configure:9718: result: yes
configure:9735: checking for gcnSDL in -lguichan_sdl
configure:9770: g++ -o conftest -g3 -Os -I/usr/include/libxml2 -I/usr/X11/include -arch x86_64 -I/usr/local/include/SDL -D_GNU_SOURCE=1 -D_THREAD_SAFE  -framework OpenGL conftest.cpp -lguichan_sdl  -lSDL_mixer -lSDL_ttf -lSDL_image -lpng -lxml2 -lcurl -lphysfs -lz -lSDL -lguichan -lpthread -L/usr/X11/lib -L/usr/local/lib -L/usr/local/lib -lSDLmain -lSDL -Wl,-framework,Cocoa -lcurl >&5
configure:9777: $? = 0
configure:9798: result: yes
configure:9815: checking for ANSI C header files
configure:9983: result: yes
configure:10017: checking arpa/inet.h usability
configure:10034: g++ -c -g3 -Os -I/usr/include/libxml2 -I/usr/X11/include -arch x86_64 -I/usr/local/include/SDL -D_GNU_SOURCE=1 -D_THREAD_SAFE  conftest.cpp >&5
configure:10041: $? = 0
configure:10055: result: yes
configure:10059: checking arpa/inet.h presence
configure:10074: g++ -E -I/usr/include/libxml2 -I/usr/X11/include -arch x86_64 -I/usr/local/include/SDL -D_GNU_SOURCE=1 -D_THREAD_SAFE  conftest.cpp
configure:10081: $? = 0
configure:10095: result: yes
configure:10128: checking for arpa/inet.h
configure:10137: result: yes
configure:10017: checking fcntl.h usability
configure:10034: g++ -c -g3 -Os -I/usr/include/libxml2 -I/usr/X11/include -arch x86_64 -I/usr/local/include/SDL -D_GNU_SOURCE=1 -D_THREAD_SAFE  conftest.cpp >&5
configure:10041: $? = 0
configure:10055: result: yes
configure:10059: checking fcntl.h presence
configure:10074: g++ -E -I/usr/include/libxml2 -I/usr/X11/include -arch x86_64 -I/usr/local/include/SDL -D_GNU_SOURCE=1 -D_THREAD_SAFE  conftest.cpp
configure:10081: $? = 0
configure:10095: result: yes
configure:10128: checking for fcntl.h
configure:10137: result: yes
configure:10017: checking malloc.h usability
configure:10034: g++ -c -g3 -Os -I/usr/include/libxml2 -I/usr/X11/include -arch x86_64 -I/usr/local/include/SDL -D_GNU_SOURCE=1 -D_THREAD_SAFE  conftest.cpp >&5
conftest.cpp:95:20: error: malloc.h: No such file or directory
configure:10041: $? = 1
configure: failed program was:
| /* confdefs.h.  */
| #define PACKAGE_NAME "The Mana World"
| #define PACKAGE_TARNAME "tmw"
| #define PACKAGE_VERSION "0.0.29.1"
| #define PACKAGE_STRING "The Mana World 0.0.29.1"
| #define PACKAGE_BUGREPORT "themanaworld-devel@lists.sourceforge.net"
| #define PACKAGE "tmw"
| #define VERSION "0.0.29.1"
| #define TIME_WITH_SYS_TIME 1
| #define STDC_HEADERS 1
| #define HAVE_SYS_TYPES_H 1
| #define HAVE_SYS_STAT_H 1
| #define HAVE_STDLIB_H 1
| #define HAVE_STRING_H 1
| #define HAVE_MEMORY_H 1
| #define HAVE_STRINGS_H 1
| #define HAVE_INTTYPES_H 1
| #define HAVE_STDINT_H 1
| #define HAVE_UNISTD_H 1
| #define HAVE_STDLIB_H 1
| #define HAVE_MALLOC 1
| #define HAVE_STDLIB_H 1
| #define HAVE_REALLOC 1
| #define HAVE_SYS_SELECT_H 1
| #define HAVE_SYS_SOCKET_H 1
| #define SELECT_TYPE_ARG1 int
| #define SELECT_TYPE_ARG234 (fd_set *)
| #define SELECT_TYPE_ARG5 (struct timeval *)
| #define HAVE_VPRINTF 1
| #define HAVE_ATEXIT 1
| #define HAVE_FLOOR 1
| #define HAVE_GETCWD 1
| #define HAVE_GETHOSTBYNAME 1
| #define HAVE_MEMSET 1
| #define HAVE_MKDIR 1
| #define HAVE_SELECT 1
| #define HAVE_SOCKET 1
| #define HAVE_CFPREFERENCESCOPYAPPVALUE 1
| #define HAVE_CFLOCALECOPYCURRENT 1
| #define HAVE_ICONV 1
| #define HAVE_LIBPTHREAD 1
| #define HAVE_LIBGUICHAN 1
| #define HAVE_GUICHAN_HPP 1
| #define HAVE_LIBSDL 1
| #define HAVE_SDL_H 1
| #define HAVE_LIBZ 1
| #define HAVE_LIBPHYSFS 1
| #define HAVE_PHYSFS_H 1
| #define HAVE_LIBCURL 1
| #define HAVE_CURL_CURL_H 1
| #define HAVE_LIBXML2 1
| #define HAVE_LIBXML_XMLREADER_H 1
| #define HAVE_LIBPNG 1
| #define HAVE_LIBSDL_IMAGE 1
| #define HAVE_LIBSDL_TTF 1
| #define HAVE_LIBSDL_MIXER 1
| #define HAVE_LIBGUICHAN_SDL 1
| #define STDC_HEADERS 1
| #define HAVE_ARPA_INET_H 1
| #define HAVE_FCNTL_H 1
| /* end confdefs.h.  */
| #include <stdio.h>
| #ifdef HAVE_SYS_TYPES_H
| # include <sys/types.h>
| #endif
| #ifdef HAVE_SYS_STAT_H
| # include <sys/stat.h>
| #endif
| #ifdef STDC_HEADERS
| # include <stdlib.h>
| # include <stddef.h>
| #else
| # ifdef HAVE_STDLIB_H
| #  include <stdlib.h>
| # endif
| #endif
| #ifdef HAVE_STRING_H
| # if !defined STDC_HEADERS && defined HAVE_MEMORY_H
| #  include <memory.h>
| # endif
| # include <string.h>
| #endif
| #ifdef HAVE_STRINGS_H
| # include <strings.h>
| #endif
| #ifdef HAVE_INTTYPES_H
| # include <inttypes.h>
| #endif
| #ifdef HAVE_STDINT_H
| # include <stdint.h>
| #endif
| #ifdef HAVE_UNISTD_H
| # include <unistd.h>
| #endif
| #include <malloc.h>
configure:10055: result: no
configure:10059: checking malloc.h presence
configure:10074: g++ -E -I/usr/include/libxml2 -I/usr/X11/include -arch x86_64 -I/usr/local/include/SDL -D_GNU_SOURCE=1 -D_THREAD_SAFE  conftest.cpp
conftest.cpp:62:20: error: malloc.h: No such file or directory
configure:10081: $? = 1
configure: failed program was:
| /* confdefs.h.  */
| #define PACKAGE_NAME "The Mana World"
| #define PACKAGE_TARNAME "tmw"
| #define PACKAGE_VERSION "0.0.29.1"
| #define PACKAGE_STRING "The Mana World 0.0.29.1"
| #define PACKAGE_BUGREPORT "themanaworld-devel@lists.sourceforge.net"
| #define PACKAGE "tmw"
| #define VERSION "0.0.29.1"
| #define TIME_WITH_SYS_TIME 1
| #define STDC_HEADERS 1
| #define HAVE_SYS_TYPES_H 1
| #define HAVE_SYS_STAT_H 1
| #define HAVE_STDLIB_H 1
| #define HAVE_STRING_H 1
| #define HAVE_MEMORY_H 1
| #define HAVE_STRINGS_H 1
| #define HAVE_INTTYPES_H 1
| #define HAVE_STDINT_H 1
| #define HAVE_UNISTD_H 1
| #define HAVE_STDLIB_H 1
| #define HAVE_MALLOC 1
| #define HAVE_STDLIB_H 1
| #define HAVE_REALLOC 1
| #define HAVE_SYS_SELECT_H 1
| #define HAVE_SYS_SOCKET_H 1
| #define SELECT_TYPE_ARG1 int
| #define SELECT_TYPE_ARG234 (fd_set *)
| #define SELECT_TYPE_ARG5 (struct timeval *)
| #define HAVE_VPRINTF 1
| #define HAVE_ATEXIT 1
| #define HAVE_FLOOR 1
| #define HAVE_GETCWD 1
| #define HAVE_GETHOSTBYNAME 1
| #define HAVE_MEMSET 1
| #define HAVE_MKDIR 1
| #define HAVE_SELECT 1
| #define HAVE_SOCKET 1
| #define HAVE_CFPREFERENCESCOPYAPPVALUE 1
| #define HAVE_CFLOCALECOPYCURRENT 1
| #define HAVE_ICONV 1
| #define HAVE_LIBPTHREAD 1
| #define HAVE_LIBGUICHAN 1
| #define HAVE_GUICHAN_HPP 1
| #define HAVE_LIBSDL 1
| #define HAVE_SDL_H 1
| #define HAVE_LIBZ 1
| #define HAVE_LIBPHYSFS 1
| #define HAVE_PHYSFS_H 1
| #define HAVE_LIBCURL 1
| #define HAVE_CURL_CURL_H 1
| #define HAVE_LIBXML2 1
| #define HAVE_LIBXML_XMLREADER_H 1
| #define HAVE_LIBPNG 1
| #define HAVE_LIBSDL_IMAGE 1
| #define HAVE_LIBSDL_TTF 1
| #define HAVE_LIBSDL_MIXER 1
| #define HAVE_LIBGUICHAN_SDL 1
| #define STDC_HEADERS 1
| #define HAVE_ARPA_INET_H 1
| #define HAVE_FCNTL_H 1
| /* end confdefs.h.  */
| #include <malloc.h>
configure:10095: result: no
configure:10128: checking for malloc.h
configure:10137: result: no
configure:10017: checking netdb.h usability
configure:10034: g++ -c -g3 -Os -I/usr/include/libxml2 -I/usr/X11/include -arch x86_64 -I/usr/local/include/SDL -D_GNU_SOURCE=1 -D_THREAD_SAFE  conftest.cpp >&5
configure:10041: $? = 0
configure:10055: result: yes
configure:10059: checking netdb.h presence
configure:10074: g++ -E -I/usr/include/libxml2 -I/usr/X11/include -arch x86_64 -I/usr/local/include/SDL -D_GNU_SOURCE=1 -D_THREAD_SAFE  conftest.cpp
configure:10081: $? = 0
configure:10095: result: yes
configure:10128: checking for netdb.h
configure:10137: result: yes
configure:10017: checking netinet/in.h usability
configure:10034: g++ -c -g3 -Os -I/usr/include/libxml2 -I/usr/X11/include -arch x86_64 -I/usr/local/include/SDL -D_GNU_SOURCE=1 -D_THREAD_SAFE  conftest.cpp >&5
configure:10041: $? = 0
configure:10055: result: yes
configure:10059: checking netinet/in.h presence
configure:10074: g++ -E -I/usr/include/libxml2 -I/usr/X11/include -arch x86_64 -I/usr/local/include/SDL -D_GNU_SOURCE=1 -D_THREAD_SAFE  conftest.cpp
configure:10081: $? = 0
configure:10095: result: yes
configure:10128: checking for netinet/in.h
configure:10137: result: yes
configure:10006: checking for stdlib.h
configure:10013: result: yes
configure:10006: checking for string.h
configure:10013: result: yes
configure:10006: checking for sys/socket.h
configure:10013: result: yes
configure:10006: checking for unistd.h
configure:10013: result: yes
configure:10165: checking for glBegin in -lGL
configure:10200: g++ -o conftest -g3 -Os -I/usr/include/libxml2 -I/usr/X11/include -arch x86_64 -I/usr/local/include/SDL -D_GNU_SOURCE=1 -D_THREAD_SAFE  -framework OpenGL conftest.cpp -lGL  -lguichan_sdl -lSDL_mixer -lSDL_ttf -lSDL_image -lpng -lxml2 -lcurl -lphysfs -lz -lSDL -lguichan -lpthread -L/usr/X11/lib -L/usr/local/lib -L/usr/local/lib -lSDLmain -lSDL -Wl,-framework,Cocoa -lcurl >&5
configure:10207: $? = 0
configure:10228: result: yes
configure:10357: checking for SDLNet_Init in -lSDL_net
configure:10392: g++ -o conftest -g3 -Os -I/usr/include/libxml2 -I/usr/X11/include -arch x86_64 -I/usr/local/include/SDL -D_GNU_SOURCE=1 -D_THREAD_SAFE  -framework OpenGL conftest.cpp -lSDL_net  -lGL -lguichan_sdl -lSDL_mixer -lSDL_ttf -lSDL_image -lpng -lxml2 -lcurl -lphysfs -lz -lSDL -lguichan -lpthread -L/usr/X11/lib -L/usr/local/lib -L/usr/local/lib -lSDLmain -lSDL -Wl,-framework,Cocoa -lcurl >&5
configure:10399: $? = 0
configure:10420: result: yes
configure:10611: creating ./config.status

## ---------------------- ##
## Running config.status. ##
## ---------------------- ##

This file was extended by The Mana World config.status 0.0.29.1, which was
generated by GNU Autoconf 2.63.  Invocation command line was

  CONFIG_FILES    = 
  CONFIG_HEADERS  = 
  CONFIG_LINKS    = 
  CONFIG_COMMANDS = 
  $ ./config.status 

on vlapan-macbook.local

config.status:879: creating Makefile
config.status:879: creating src/Makefile
config.status:879: creating data/Makefile
config.status:879: creating data/fonts/Makefile
config.status:879: creating data/graphics/Makefile
config.status:879: creating data/graphics/gui/Makefile
config.status:879: creating data/graphics/images/Makefile
config.status:879: creating data/help/Makefile
config.status:879: creating data/icons/Makefile
config.status:879: creating docs/Makefile
config.status:879: creating po/Makefile.in
config.status:879: creating config.h
config.status:1101: config.h is unchanged
config.status:1153: executing depfiles commands
config.status:1153: executing po-directories commands

## ---------------- ##
## Cache variables. ##
## ---------------- ##

ac_cv_build=i386-apple-darwin10.3.0
ac_cv_c_compiler_gnu=yes
ac_cv_cxx_compiler_gnu=yes
ac_cv_env_CCC_set=
ac_cv_env_CCC_value=
ac_cv_env_CC_set=
ac_cv_env_CC_value=
ac_cv_env_CFLAGS_set=
ac_cv_env_CFLAGS_value=
ac_cv_env_CPPFLAGS_set=set
ac_cv_env_CPPFLAGS_value='-I/usr/include/libxml2 -I/usr/X11/include -arch x86_64'
ac_cv_env_CXXCPP_set=
ac_cv_env_CXXCPP_value=
ac_cv_env_CXXFLAGS_set=
ac_cv_env_CXXFLAGS_value=
ac_cv_env_CXX_set=
ac_cv_env_CXX_value=
ac_cv_env_LDFLAGS_set=set
ac_cv_env_LDFLAGS_value='-framework OpenGL'
ac_cv_env_LIBS_set=set
ac_cv_env_LIBS_value='-L/usr/X11/lib -L/usr/local/lib'
ac_cv_env_build_alias_set=
ac_cv_env_build_alias_value=
ac_cv_env_host_alias_set=
ac_cv_env_host_alias_value=
ac_cv_env_target_alias_set=
ac_cv_env_target_alias_value=
ac_cv_func__doprnt=no
ac_cv_func_atexit=yes
ac_cv_func_floor=yes
ac_cv_func_getcwd=yes
ac_cv_func_gethostbyname=yes
ac_cv_func_malloc_0_nonnull=yes
ac_cv_func_memset=yes
ac_cv_func_mkdir=yes
ac_cv_func_realloc_0_nonnull=yes
ac_cv_func_select=yes
ac_cv_func_select_args='int,fd_set *,struct timeval *'
ac_cv_func_socket=yes
ac_cv_func_vprintf=yes
ac_cv_header_SDL_h=yes
ac_cv_header_arpa_inet_h=yes
ac_cv_header_curl_curl_h=yes
ac_cv_header_fcntl_h=yes
ac_cv_header_guichan_hpp=yes
ac_cv_header_inttypes_h=yes
ac_cv_header_libxml_xmlreader_h=yes
ac_cv_header_malloc_h=no
ac_cv_header_memory_h=yes
ac_cv_header_netdb_h=yes
ac_cv_header_netinet_in_h=yes
ac_cv_header_physfs_h=yes
ac_cv_header_stdc=yes
ac_cv_header_stdint_h=yes
ac_cv_header_stdlib_h=yes
ac_cv_header_string_h=yes
ac_cv_header_strings_h=yes
ac_cv_header_sys_select_h=yes
ac_cv_header_sys_socket_h=yes
ac_cv_header_sys_stat_h=yes
ac_cv_header_sys_types_h=yes
ac_cv_header_time=yes
ac_cv_header_unistd_h=yes
ac_cv_host=i386-apple-darwin10.3.0
ac_cv_lib_GL_glBegin=yes
ac_cv_lib_SDL_SDL_Init=yes
ac_cv_lib_SDL_image_IMG_LoadPNG_RW=yes
ac_cv_lib_SDL_mixer_Mix_OpenAudio=yes
ac_cv_lib_SDL_net_SDLNet_Init=yes
ac_cv_lib_SDL_ttf_TTF_Quit=yes
ac_cv_lib_curl_curl_global_init=yes
ac_cv_lib_error_at_line=no
ac_cv_lib_guichan_gcnGuichanVersion=yes
ac_cv_lib_guichan_sdl_gcnSDL=yes
ac_cv_lib_physfs_PHYSFS_init=yes
ac_cv_lib_png_png_write_info=yes
ac_cv_lib_pthread_pthread_create=yes
ac_cv_lib_xml2_xmlInitParser=yes
ac_cv_lib_z_inflate=yes
ac_cv_objext=o
ac_cv_path_CURL_CONFIG=/usr/bin/curl-config
ac_cv_path_EGREP='/usr/bin/grep -E'
ac_cv_path_GMSGFMT=:
ac_cv_path_GREP=/usr/bin/grep
ac_cv_path_MSGFMT=:
ac_cv_path_MSGMERGE=:
ac_cv_path_SDL_CONFIG=/usr/local/bin/sdl-config
ac_cv_path_XGETTEXT=:
ac_cv_path_install='/usr/bin/install -c'
ac_cv_prog_AWK=awk
ac_cv_prog_CXXCPP='g++ -E'
ac_cv_prog_ac_ct_CC=gcc
ac_cv_prog_ac_ct_CXX=g++
ac_cv_prog_cc_c89=
ac_cv_prog_cc_g=yes
ac_cv_prog_cxx_g=yes
ac_cv_prog_make_make_set=yes
acl_cv_hardcode_direct=no
acl_cv_hardcode_libdir_flag_spec=
acl_cv_hardcode_libdir_separator=
acl_cv_hardcode_minus_L=no
acl_cv_libext=a
acl_cv_path_LD=/usr/libexec/gcc/i686-apple-darwin10/4.2.1/ld
acl_cv_prog_gnu_ld=no
acl_cv_rpath=done
acl_cv_shlibext=dylib
acl_cv_wl=-Wl,
am_cv_CC_dependencies_compiler_type=gcc3
am_cv_CXX_dependencies_compiler_type=gcc3
am_cv_func_iconv=yes
am_cv_lib_iconv=yes
gt_cv_func_CFLocaleCopyCurrent=yes
gt_cv_func_CFPreferencesCopyAppValue=yes
gt_cv_func_gnugettext1_libc=no
gt_cv_func_gnugettext1_libintl=no

## ----------------- ##
## Output variables. ##
## ----------------- ##

ACLOCAL='${SHELL} /Users/vlapan/Downloads/AutoMana/missing --run aclocal-1.11'
AMDEPBACKSLASH='\'
AMDEP_FALSE='#'
AMDEP_TRUE=''
AMTAR='${SHELL} /Users/vlapan/Downloads/AutoMana/missing --run tar'
AUTOCONF='${SHELL} /Users/vlapan/Downloads/AutoMana/missing --run autoconf'
AUTOHEADER='${SHELL} /Users/vlapan/Downloads/AutoMana/missing --run autoheader'
AUTOMAKE='${SHELL} /Users/vlapan/Downloads/AutoMana/missing --run automake-1.11'
AWK='awk'
CC='gcc'
CCDEPMODE='depmode=gcc3'
CFLAGS='-g3 -Os'
CPPFLAGS='-I/usr/include/libxml2 -I/usr/X11/include -arch x86_64 -I/usr/local/include/SDL -D_GNU_SOURCE=1 -D_THREAD_SAFE '
CURL_CONFIG='/usr/bin/curl-config'
CXX='g++'
CXXCPP='g++ -E'
CXXDEPMODE='depmode=gcc3'
CXXFLAGS='-g3 -Os'
CYGPATH_W='echo'
DEFS='-DHAVE_CONFIG_H'
DEPDIR='.deps'
ECHO_C=''
ECHO_N='-n'
ECHO_T=''
EGREP='/usr/bin/grep -E'
EXEEXT=''
GMSGFMT=':'
GMSGFMT_015=':'
GREP='/usr/bin/grep'
INSTALL_DATA='${INSTALL} -m 644'
INSTALL_PROGRAM='${INSTALL}'
INSTALL_SCRIPT='${INSTALL}'
INSTALL_STRIP_PROGRAM='$(install_sh) -c -s'
INTLLIBS=''
INTL_MACOSX_LIBS='-Wl,-framework -Wl,CoreFoundation'
LDFLAGS='-framework OpenGL'
LIBICONV='-liconv'
LIBINTL=''
LIBOBJS=' ${LIBOBJDIR}error$U.o'
LIBS='-lSDL_net -lGL -lguichan_sdl -lSDL_mixer -lSDL_ttf -lSDL_image -lpng -lxml2 -lcurl -lphysfs -lz -lSDL -lguichan -lpthread -L/usr/X11/lib -L/usr/local/lib -L/usr/local/lib -lSDLmain -lSDL -Wl,-framework,Cocoa -lcurl'
LTLIBICONV='-liconv'
LTLIBINTL=''
LTLIBOBJS=' ${LIBOBJDIR}error$U.lo'
MAKEINFO='${SHELL} /Users/vlapan/Downloads/AutoMana/missing --run makeinfo'
MKDIR_P='./install-sh -c -d'
MSGFMT=':'
MSGFMT_015=':'
MSGMERGE=':'
OBJEXT='o'
PACKAGE='tmw'
PACKAGE_BUGREPORT='themanaworld-devel@lists.sourceforge.net'
PACKAGE_NAME='The Mana World'
PACKAGE_STRING='The Mana World 0.0.29.1'
PACKAGE_TARNAME='tmw'
PACKAGE_VERSION='0.0.29.1'
PATH_SEPARATOR=':'
PKG_CONFIG=''
POSUB=''
SDL_CONFIG='/usr/local/bin/sdl-config'
SERVER_EATHENA_FALSE='#'
SERVER_EATHENA_TRUE=''
SERVER_TMWSERV_FALSE=''
SERVER_TMWSERV_TRUE='#'
SET_MAKE=''
SHELL='/bin/sh'
STRIP=''
USE_NLS='no'
VERSION='0.0.29.1'
XGETTEXT=':'
XGETTEXT_015=':'
ac_ct_CC='gcc'
ac_ct_CXX='g++'
am__EXEEXT_FALSE=''
am__EXEEXT_TRUE='#'
am__fastdepCC_FALSE='#'
am__fastdepCC_TRUE=''
am__fastdepCXX_FALSE='#'
am__fastdepCXX_TRUE=''
am__include='include'
am__isrc=''
am__leading_dot='.'
am__quote=''
am__tar='${AMTAR} chof - "$$tardir"'
am__untar='${AMTAR} xf -'
bindir='${exec_prefix}/bin'
build='i386-apple-darwin10.3.0'
build_alias=''
build_cpu='i386'
build_os='darwin10.3.0'
build_vendor='apple'
datadir='${datarootdir}'
datarootdir='${prefix}/share'
docdir='${datarootdir}/doc/${PACKAGE_TARNAME}'
dvidir='${docdir}'
exec_prefix='${prefix}'
host='i386-apple-darwin10.3.0'
host_alias=''
host_cpu='i386'
host_os='darwin10.3.0'
host_vendor='apple'
htmldir='${docdir}'
includedir='${prefix}/include'
infodir='${datarootdir}/info'
install_sh='${SHELL} /Users/vlapan/Downloads/AutoMana/install-sh'
libdir='${exec_prefix}/lib'
libexecdir='${exec_prefix}/libexec'
localedir='${datarootdir}/locale'
localstatedir='${prefix}/var'
mandir='${datarootdir}/man'
mkdir_p='$(top_builddir)/./install-sh -c -d'
oldincludedir='/usr/include'
pdfdir='${docdir}'
prefix='/usr/local'
program_transform_name='s,x,x,'
psdir='${docdir}'
sbindir='${exec_prefix}/sbin'
sharedstatedir='${prefix}/com'
sysconfdir='${prefix}/etc'
target_alias=''

## ----------- ##
## confdefs.h. ##
## ----------- ##

#define PACKAGE_NAME "The Mana World"
#define PACKAGE_TARNAME "tmw"
#define PACKAGE_VERSION "0.0.29.1"
#define PACKAGE_STRING "The Mana World 0.0.29.1"
#define PACKAGE_BUGREPORT "themanaworld-devel@lists.sourceforge.net"
#define PACKAGE "tmw"
#define VERSION "0.0.29.1"
#define TIME_WITH_SYS_TIME 1
#define STDC_HEADERS 1
#define HAVE_SYS_TYPES_H 1
#define HAVE_SYS_STAT_H 1
#define HAVE_STDLIB_H 1
#define HAVE_STRING_H 1
#define HAVE_MEMORY_H 1
#define HAVE_STRINGS_H 1
#define HAVE_INTTYPES_H 1
#define HAVE_STDINT_H 1
#define HAVE_UNISTD_H 1
#define HAVE_STDLIB_H 1
#define HAVE_MALLOC 1
#define HAVE_STDLIB_H 1
#define HAVE_REALLOC 1
#define HAVE_SYS_SELECT_H 1
#define HAVE_SYS_SOCKET_H 1
#define SELECT_TYPE_ARG1 int
#define SELECT_TYPE_ARG234 (fd_set *)
#define SELECT_TYPE_ARG5 (struct timeval *)
#define HAVE_VPRINTF 1
#define HAVE_ATEXIT 1
#define HAVE_FLOOR 1
#define HAVE_GETCWD 1
#define HAVE_GETHOSTBYNAME 1
#define HAVE_MEMSET 1
#define HAVE_MKDIR 1
#define HAVE_SELECT 1
#define HAVE_SOCKET 1
#define HAVE_CFPREFERENCESCOPYAPPVALUE 1
#define HAVE_CFLOCALECOPYCURRENT 1
#define HAVE_ICONV 1
#define HAVE_LIBPTHREAD 1
#define HAVE_LIBGUICHAN 1
#define HAVE_GUICHAN_HPP 1
#define HAVE_LIBSDL 1
#define HAVE_SDL_H 1
#define HAVE_LIBZ 1
#define HAVE_LIBPHYSFS 1
#define HAVE_PHYSFS_H 1
#define HAVE_LIBCURL 1
#define HAVE_CURL_CURL_H 1
#define HAVE_LIBXML2 1
#define HAVE_LIBXML_XMLREADER_H 1
#define HAVE_LIBPNG 1
#define HAVE_LIBSDL_IMAGE 1
#define HAVE_LIBSDL_TTF 1
#define HAVE_LIBSDL_MIXER 1
#define HAVE_LIBGUICHAN_SDL 1
#define STDC_HEADERS 1
#define HAVE_ARPA_INET_H 1
#define HAVE_FCNTL_H 1
#define HAVE_NETDB_H 1
#define HAVE_NETINET_IN_H 1
#define HAVE_STDLIB_H 1
#define HAVE_STRING_H 1
#define HAVE_SYS_SOCKET_H 1
#define HAVE_UNISTD_H 1
#define HAVE_LIBGL 1
#define USE_OPENGL 1
#define HAVE_LIBSDL_NET 1
#define EATHENA_SUPPORT 1

configure: exit 0
